<users>
  <user age="Test Prof">Informatik</user>
  <user age="Test Prof 2">Mathematik</user>
  <user age="Test Prof 3">Mathematik</user>
</users>